<?xml version="1.0" encoding="UTF-8"?>
<!-- Generated by org.testng.reporters.JUnitReportReporter -->
<testsuite hostname="Janavi" failures="0" tests="1" name="test.LoginTest" time="14.371" errors="0" timestamp="2024-08-09T09:28:00 CDT" skipped="0">
  <testcase classname="test.LoginTest" name="validUserShouldBeAbleToLogin" time="14.371"/>
  <system-out/>
</testsuite> <!-- test.LoginTest -->
